<?xml version="1.0" encoding="UTF-8"?>
<!-- Generated by org.testng.reporters.JUnitXMLReporter -->
<testsuite ignored="2" hostname="Shiyamala-Panneerselvam" failures="0" tests="1" name="Test" time="0.037" errors="0" timestamp="2022-03-05T12:26:27 IST">
  <testcase classname="pckg1.AnnotationExample" name="test1" time="0.007"/>
  <testcase classname="pckg1.HomePageTest" name="test3" time="0.0">
    <ignored/>
  </testcase> <!-- test3 -->
  <testcase classname="pckg1.AnnotationExample" name="test2" time="0.0">
    <ignored/>
  </testcase> <!-- test2 -->
</testsuite> <!-- Test -->
