<?xml version="1.0" encoding="UTF-8"?>
<!-- Generated by org.testng.reporters.JUnitXMLReporter -->
<testsuite ignored="2" hostname="Shiyamala-Panneerselvam" failures="0" tests="2" name="Test" time="0.04" errors="0" timestamp="2022-03-05T11:30:13 IST">
  <testcase classname="pckg1.HomePageTest" name="test3" time="0.004"/>
  <testcase classname="pckg2.CheckoutTest" name="test4" time="0.001"/>
  <testcase classname="pckg1.AnnotationExample" name="test2" time="0.0">
    <ignored/>
  </testcase> <!-- test2 -->
  <testcase classname="pckg1.AnnotationExample" name="test1" time="0.0">
    <ignored/>
  </testcase> <!-- test1 -->
</testsuite> <!-- Test -->
