<?xml version="1.0" encoding="UTF-8"?>
<testng-results ignored="0" total="1" passed="1" failed="0" skipped="0">
  <reporter-output>
  </reporter-output>
  <suite started-at="2022-03-06T09:17:16 IST" name="Default suite" finished-at="2022-03-06T09:17:16 IST" duration-ms="46">
    <groups>
      <group name="Sanity">
        <method signature="CheckoutTest.Test4()[pri:0, instance:pckg2.CheckoutTest@2beee7ff]" name="Test4" class="pckg2.CheckoutTest"/>
      </group> <!-- Sanity -->
    </groups>
    <test started-at="2022-03-06T09:17:16 IST" name="Default test" finished-at="2022-03-06T09:17:16 IST" duration-ms="46">
      <class name="pckg2.CheckoutTest">
        <test-method signature="Test4()[pri:0, instance:pckg2.CheckoutTest@2beee7ff]" started-at="2022-03-06T09:17:16 IST" name="Test4" finished-at="2022-03-06T09:17:16 IST" duration-ms="8" status="PASS">
          <reporter-output>
          </reporter-output>
        </test-method> <!-- Test4 -->
      </class> <!-- pckg2.CheckoutTest -->
    </test> <!-- Default test -->
  </suite> <!-- Default suite -->
</testng-results>
